2025-07-29 19:37:29,202 [DEBUG] DEBUG: modify_request called with param_key='params.pageIndex', param_value='2'
2025-07-29 19:37:29,202 [DEBUG] DEBUG: Processing nested parameter: params.pageIndex
2025-07-29 19:37:29,202 [DEBUG] DEBUG: Processing params.pageIndex
2025-07-29 19:37:29,202 [DEBUG] DEBUG: Successfully updated params JSON
2025-07-29 19:37:29,202 [DEBUG] DEBUG: modify_request called with param_key='pageIndex', param_value='3'
2025-07-29 19:37:29,202 [DEBUG] DEBUG: Processing non-nested parameter: pageIndex
2025-07-29 19:37:29,202 [DEBUG] DEBUG: Replacing existing data: pageIndex
2025-07-29 19:38:28,153 [DEBUG] DEBUG: modify_request called with param_key='params.pageIndex', param_value='2'
2025-07-29 19:38:28,153 [DEBUG] DEBUG: Processing nested parameter: params.pageIndex
2025-07-29 19:38:28,153 [DEBUG] DEBUG: Processing params.pageIndex
2025-07-29 19:38:28,153 [DEBUG] DEBUG: Successfully updated params JSON
2025-07-29 19:38:28,153 [DEBUG] DEBUG: modify_request called with param_key='pageIndex', param_value='3'
2025-07-29 19:38:28,153 [DEBUG] DEBUG: Processing non-nested parameter: pageIndex
2025-07-29 19:38:28,153 [DEBUG] DEBUG: Replacing existing data: pageIndex
2025-07-29 19:57:40,840 [DEBUG] DEBUG: modify_request called with param_key='params.pageIndex', param_value='2'
2025-07-29 19:57:40,841 [DEBUG] DEBUG: Processing nested parameter: params.pageIndex
2025-07-29 19:57:40,841 [DEBUG] DEBUG: Processing params.pageIndex
2025-07-29 19:57:40,841 [DEBUG] DEBUG: Successfully updated params JSON
2025-07-29 20:07:02,938 [DEBUG] DEBUG: modify_request called with param_key='params.pageIndex', param_value='2'
2025-07-29 20:07:02,938 [DEBUG] DEBUG: Processing nested parameter: params.pageIndex
2025-07-29 20:07:02,938 [DEBUG] DEBUG: Processing params.pageIndex
2025-07-29 20:07:02,938 [DEBUG] DEBUG: Successfully updated params JSON
2025-07-29 20:07:56,714 [DEBUG] DEBUG: modify_request called with param_key='params.pageIndex', param_value='2'
2025-07-29 20:07:56,714 [DEBUG] DEBUG: Processing nested parameter: params.pageIndex
2025-07-29 20:07:56,714 [DEBUG] DEBUG: Processing params.pageIndex
2025-07-29 20:07:56,714 [DEBUG] DEBUG: Successfully updated params JSON
2025-07-29 20:09:00,007 [DEBUG] DEBUG: modify_request called with param_key='params.pageIndex', param_value='2'
2025-07-29 20:09:00,007 [DEBUG] DEBUG: Processing nested parameter: params.pageIndex
2025-07-29 20:09:00,007 [DEBUG] DEBUG: Processing params.pageIndex
2025-07-29 20:09:00,007 [DEBUG] DEBUG: Successfully updated params JSON
